<?xml version="1.0" encoding="UTF-8"?>
<!-- Generated by org.testng.reporters.JUnitReportReporter -->
<testsuite hostname="DESKTOP-7EUDCAL" failures="0" tests="1" name="AddToCartTest" time="4.124" errors="0" timestamp="2025-07-06T01:22:19 GMT-03:00" skipped="0">
  <testcase classname="AddToCartTest" name="addcart" time="4.124"/>
  <system-out/>
</testsuite> <!-- AddToCartTest -->
