<?xml version="1.0" encoding="UTF-8"?>
<!-- Generated by org.testng.reporters.JUnitReportReporter -->
<testsuite hostname="DESKTOP-7EUDCAL" failures="0" tests="1" name="LoginTest" time="8.357" errors="0" timestamp="2025-07-06T01:22:18 GMT-03:00" skipped="0">
  <testcase classname="LoginTest" name="login" time="8.357"/>
  <system-out/>
</testsuite> <!-- LoginTest -->
